[13-Aug-2021 05:06:28 UTC] PHP Warning:  予期しないエラーが発生しました。WordPress.org かこのサーバーの設定に何か問題があるかもしれません。問題が続くようであれば、<a href="https://ja.wordpress.org/support/forums/">サポートフォーラム</a>を参照してみてください。 (WordPress は WordPress.org との安全な接続を確立できませんでした。サーバー管理者にご連絡ください) in /Users/yuta/Local Sites/mysites/app/public/wp-includes/update.php on line 413
[13-Aug-2021 05:06:28 UTC] PHP Stack trace:
[13-Aug-2021 05:06:28 UTC] PHP   1. {main}() /Users/yuta/Local Sites/mysites/app/public/wp-cron.php:0
[13-Aug-2021 05:06:28 UTC] PHP   2. do_action_ref_array() /Users/yuta/Local Sites/mysites/app/public/wp-cron.php:138
[13-Aug-2021 05:06:28 UTC] PHP   3. WP_Hook->do_action() /Users/yuta/Local Sites/mysites/app/public/wp-includes/plugin.php:518
[13-Aug-2021 05:06:28 UTC] PHP   4. WP_Hook->apply_filters() /Users/yuta/Local Sites/mysites/app/public/wp-includes/class-wp-hook.php:327
[13-Aug-2021 05:06:28 UTC] PHP   5. wp_version_check() /Users/yuta/Local Sites/mysites/app/public/wp-includes/class-wp-hook.php:303
[13-Aug-2021 05:06:28 UTC] PHP   6. do_action() /Users/yuta/Local Sites/mysites/app/public/wp-includes/update.php:256
[13-Aug-2021 05:06:28 UTC] PHP   7. WP_Hook->do_action() /Users/yuta/Local Sites/mysites/app/public/wp-includes/plugin.php:470
[13-Aug-2021 05:06:28 UTC] PHP   8. WP_Hook->apply_filters() /Users/yuta/Local Sites/mysites/app/public/wp-includes/class-wp-hook.php:327
[13-Aug-2021 05:06:28 UTC] PHP   9. wp_maybe_auto_update() /Users/yuta/Local Sites/mysites/app/public/wp-includes/class-wp-hook.php:303
[13-Aug-2021 05:06:28 UTC] PHP  10. WP_Automatic_Updater->run() /Users/yuta/Local Sites/mysites/app/public/wp-includes/update.php:729
[13-Aug-2021 05:06:28 UTC] PHP  11. wp_update_plugins() /Users/yuta/Local Sites/mysites/app/public/wp-admin/includes/class-wp-automatic-updater.php:509
[13-Aug-2021 05:06:28 UTC] PHP  12. trigger_error() /Users/yuta/Local Sites/mysites/app/public/wp-includes/update.php:413
[29-Aug-2021 18:22:55 UTC] PHP Fatal error:  Uncaught Error: Call to undefined function the_auther() in /Users/yuta/Local Sites/mysites/app/public/wp-content/themes/myblog/index.php:88
Stack trace:
#0 /Users/yuta/Local Sites/mysites/app/public/wp-includes/template-loader.php(106): include()
#1 /Users/yuta/Local Sites/mysites/app/public/wp-blog-header.php(19): require_once('/Users/yuta/Loc...')
#2 /Users/yuta/Local Sites/mysites/app/public/index.php(17): require('/Users/yuta/Loc...')
#3 {main}
  thrown in /Users/yuta/Local Sites/mysites/app/public/wp-content/themes/myblog/index.php on line 88
[29-Aug-2021 19:01:45 UTC] PHP Fatal error:  Uncaught Error: Call to undefined function get_template_pert() in /Users/yuta/Local Sites/mysites/app/public/wp-content/themes/myblog/index.php:11
Stack trace:
#0 /Users/yuta/Local Sites/mysites/app/public/wp-includes/template-loader.php(106): include()
#1 /Users/yuta/Local Sites/mysites/app/public/wp-blog-header.php(19): require_once('/Users/yuta/Loc...')
#2 /Users/yuta/Local Sites/mysites/app/public/index.php(17): require('/Users/yuta/Loc...')
#3 {main}
  thrown in /Users/yuta/Local Sites/mysites/app/public/wp-content/themes/myblog/index.php on line 11
[29-Aug-2021 19:15:47 UTC] PHP Fatal error:  Uncaught Error: Call to undefined function the_autor() in /Users/yuta/Local Sites/mysites/app/public/wp-content/themes/myblog/single.php:24
Stack trace:
#0 /Users/yuta/Local Sites/mysites/app/public/wp-includes/template-loader.php(106): include()
#1 /Users/yuta/Local Sites/mysites/app/public/wp-blog-header.php(19): require_once('/Users/yuta/Loc...')
#2 /Users/yuta/Local Sites/mysites/app/public/index.php(17): require('/Users/yuta/Loc...')
#3 {main}
  thrown in /Users/yuta/Local Sites/mysites/app/public/wp-content/themes/myblog/single.php on line 24
[29-Aug-2021 19:25:32 UTC] PHP Parse error:  syntax error, unexpected end of file in /Users/yuta/Local Sites/mysites/app/public/wp-content/themes/myblog/functions.php on line 4
[29-Aug-2021 19:25:32 UTC] PHP Fatal error:  Exception thrown without a stack frame in Unknown on line 0
[31-Aug-2021 19:17:37 UTC] PHP Fatal error:  Uncaught ArgumentCountError: Too few arguments to function wp_get_attachment_image_src(), 0 passed in /Users/yuta/Local Sites/mysites/app/public/wp-content/themes/myblog/single.php on line 17 and at least 1 expected in /Users/yuta/Local Sites/mysites/app/public/wp-includes/media.php:951
Stack trace:
#0 /Users/yuta/Local Sites/mysites/app/public/wp-content/themes/myblog/single.php(17): wp_get_attachment_image_src()
#1 /Users/yuta/Local Sites/mysites/app/public/wp-includes/template-loader.php(106): include('/Users/yuta/Loc...')
#2 /Users/yuta/Local Sites/mysites/app/public/wp-blog-header.php(19): require_once('/Users/yuta/Loc...')
#3 /Users/yuta/Local Sites/mysites/app/public/index.php(17): require('/Users/yuta/Loc...')
#4 {main}
  thrown in /Users/yuta/Local Sites/mysites/app/public/wp-includes/media.php on line 951
[31-Aug-2021 19:58:14 UTC] PHP Fatal error:  Uncaught Error: Call to a member function switch_to_locale() on null in /Users/yuta/Local Sites/mysites/app/public/wp-includes/l10n.php:1666
Stack trace:
#0 /Users/yuta/Local Sites/mysites/app/public/wp-content/plugins/query-monitor/dispatchers/WP_Die.php(40): switch_to_locale('ja')
#1 /Users/yuta/Local Sites/mysites/app/public/wp-includes/class-wp-hook.php(303): QM_Dispatcher_WP_Die->dispatch('')
#2 /Users/yuta/Local Sites/mysites/app/public/wp-includes/class-wp-hook.php(327): WP_Hook->apply_filters(NULL, Array)
#3 /Users/yuta/Local Sites/mysites/app/public/wp-includes/plugin.php(470): WP_Hook->do_action(Array)
#4 /Users/yuta/Local Sites/mysites/app/public/wp-includes/load.php(1097): do_action('shutdown')
#5 [internal function]: shutdown_action_hook()
#6 {main}
  thrown in /Users/yuta/Local Sites/mysites/app/public/wp-includes/l10n.php on line 1666
[31-Aug-2021 19:58:14 UTC] PHP Stack trace:
[31-Aug-2021 19:58:14 UTC] PHP   1. {main}() /Users/yuta/Local Sites/mysites/app/public/wp-admin/customize.php:0
[31-Aug-2021 19:58:14 UTC] PHP   2. require_once() /Users/yuta/Local Sites/mysites/app/public/wp-admin/customize.php:13
[31-Aug-2021 19:58:14 UTC] PHP   3. require_once() /Users/yuta/Local Sites/mysites/app/public/wp-admin/admin.php:34
[31-Aug-2021 19:58:14 UTC] PHP   4. require_once() /Users/yuta/Local Sites/mysites/app/public/wp-load.php:50
[31-Aug-2021 19:58:14 UTC] PHP   5. require_once() /Users/yuta/Local Sites/mysites/app/public/wp-config.php:77
[31-Aug-2021 19:58:14 UTC] PHP   6. do_action() /Users/yuta/Local Sites/mysites/app/public/wp-settings.php:510
[31-Aug-2021 19:58:14 UTC] PHP   7. WP_Hook->do_action() /Users/yuta/Local Sites/mysites/app/public/wp-includes/plugin.php:470
[31-Aug-2021 19:58:14 UTC] PHP   8. WP_Hook->apply_filters() /Users/yuta/Local Sites/mysites/app/public/wp-includes/class-wp-hook.php:327
[31-Aug-2021 19:58:14 UTC] PHP   9. WP_Customize_Manager->setup_theme() /Users/yuta/Local Sites/mysites/app/public/wp-includes/class-wp-hook.php:303
[31-Aug-2021 19:58:14 UTC] PHP  10. WP_Customize_Manager->wp_die() /Users/yuta/Local Sites/mysites/app/public/wp-includes/class-wp-customize-manager.php:575
[31-Aug-2021 19:58:14 UTC] PHP  11. wp_die() /Users/yuta/Local Sites/mysites/app/public/wp-includes/class-wp-customize-manager.php:475
[31-Aug-2021 19:58:14 UTC] PHP  12. _default_wp_die_handler() /Users/yuta/Local Sites/mysites/app/public/wp-includes/functions.php:3471
[31-Aug-2021 20:11:23 UTC] PHP Fatal error:  Uncaught Error: Call to undefined function wp_get_post_thumbnail_id() in /Users/yuta/Local Sites/mysites/app/public/wp-content/themes/myblog/single.php:18
Stack trace:
#0 /Users/yuta/Local Sites/mysites/app/public/wp-includes/template-loader.php(106): include()
#1 /Users/yuta/Local Sites/mysites/app/public/wp-blog-header.php(19): require_once('/Users/yuta/Loc...')
#2 /Users/yuta/Local Sites/mysites/app/public/index.php(17): require('/Users/yuta/Loc...')
#3 {main}
  thrown in /Users/yuta/Local Sites/mysites/app/public/wp-content/themes/myblog/single.php on line 18
[31-Aug-2021 20:12:02 UTC] PHP Fatal error:  Uncaught Error: Call to undefined function wp_get_post_thumbnail_id() in /Users/yuta/Local Sites/mysites/app/public/wp-content/themes/myblog/single.php:18
Stack trace:
#0 /Users/yuta/Local Sites/mysites/app/public/wp-includes/template-loader.php(106): include()
#1 /Users/yuta/Local Sites/mysites/app/public/wp-blog-header.php(19): require_once('/Users/yuta/Loc...')
#2 /Users/yuta/Local Sites/mysites/app/public/index.php(17): require('/Users/yuta/Loc...')
#3 {main}
  thrown in /Users/yuta/Local Sites/mysites/app/public/wp-content/themes/myblog/single.php on line 18
[31-Aug-2021 20:12:50 UTC] PHP Fatal error:  Uncaught Error: Call to undefined function wp_get_post_thumbnail_id() in /Users/yuta/Local Sites/mysites/app/public/wp-content/themes/myblog/single.php:18
Stack trace:
#0 /Users/yuta/Local Sites/mysites/app/public/wp-includes/template-loader.php(106): include()
#1 /Users/yuta/Local Sites/mysites/app/public/wp-blog-header.php(19): require_once('/Users/yuta/Loc...')
#2 /Users/yuta/Local Sites/mysites/app/public/index.php(17): require('/Users/yuta/Loc...')
#3 {main}
  thrown in /Users/yuta/Local Sites/mysites/app/public/wp-content/themes/myblog/single.php on line 18
[31-Aug-2021 20:13:04 UTC] PHP Fatal error:  Uncaught Error: Call to undefined function wp_get_post_thumbnail_id() in /Users/yuta/Local Sites/mysites/app/public/wp-content/themes/myblog/single.php:18
Stack trace:
#0 /Users/yuta/Local Sites/mysites/app/public/wp-includes/template-loader.php(106): include()
#1 /Users/yuta/Local Sites/mysites/app/public/wp-blog-header.php(19): require_once('/Users/yuta/Loc...')
#2 /Users/yuta/Local Sites/mysites/app/public/index.php(17): require('/Users/yuta/Loc...')
#3 {main}
  thrown in /Users/yuta/Local Sites/mysites/app/public/wp-content/themes/myblog/single.php on line 18
[01-Sep-2021 12:22:32 UTC] PHP Parse error:  syntax error, unexpected ':' in /Users/yuta/Local Sites/mysites/app/public/wp-content/themes/myblog/single.php on line 18
[01-Sep-2021 12:22:32 UTC] PHP Fatal error:  Exception thrown without a stack frame in Unknown on line 0
[01-Sep-2021 12:22:59 UTC] PHP Parse error:  syntax error, unexpected ':' in /Users/yuta/Local Sites/mysites/app/public/wp-content/themes/myblog/single.php on line 18
[01-Sep-2021 12:22:59 UTC] PHP Fatal error:  Exception thrown without a stack frame in Unknown on line 0
[01-Sep-2021 12:22:59 UTC] PHP Parse error:  syntax error, unexpected ':' in /Users/yuta/Local Sites/mysites/app/public/wp-content/themes/myblog/single.php on line 18
[01-Sep-2021 12:22:59 UTC] PHP Fatal error:  Exception thrown without a stack frame in Unknown on line 0
[01-Sep-2021 12:23:04 UTC] PHP Parse error:  syntax error, unexpected ':' in /Users/yuta/Local Sites/mysites/app/public/wp-content/themes/myblog/single.php on line 18
[01-Sep-2021 12:23:04 UTC] PHP Fatal error:  Exception thrown without a stack frame in Unknown on line 0
[01-Sep-2021 12:24:20 UTC] PHP Fatal error:  Uncaught Error: Call to undefined function get_header() in /Users/yuta/Local Sites/mysites/app/public/wp-content/themes/myblog/index.php:5
Stack trace:
#0 {main}
  thrown in /Users/yuta/Local Sites/mysites/app/public/wp-content/themes/myblog/index.php on line 5
