[06-Aug-2021 02:04:53] NOTICE: fpm is running, pid 39073
[06-Aug-2021 02:04:53] NOTICE: ready to handle connections
[06-Aug-2021 02:19:08] NOTICE: Terminating ...
[06-Aug-2021 02:19:08] NOTICE: Terminating ...
[06-Aug-2021 02:19:08] NOTICE: exiting, bye-bye!
[06-Aug-2021 02:19:12] NOTICE: fpm is running, pid 39500
[06-Aug-2021 02:19:12] NOTICE: ready to handle connections
[07-Aug-2021 09:10:54] NOTICE: Terminating ...
[07-Aug-2021 09:10:54] NOTICE: Terminating ...
[07-Aug-2021 09:10:55] NOTICE: exiting, bye-bye!
[09-Aug-2021 18:54:43] NOTICE: fpm is running, pid 50574
[09-Aug-2021 18:54:43] NOTICE: ready to handle connections
[17-Aug-2021 20:34:52] NOTICE: Terminating ...
[17-Aug-2021 20:34:52] NOTICE: Terminating ...
[17-Aug-2021 20:34:52] NOTICE: exiting, bye-bye!
[17-Aug-2021 20:34:56] NOTICE: fpm is running, pid 86821
[17-Aug-2021 20:34:56] NOTICE: ready to handle connections
[22-Aug-2021 04:04:00] NOTICE: Terminating ...
[22-Aug-2021 04:04:00] NOTICE: Terminating ...
[22-Aug-2021 04:04:00] NOTICE: exiting, bye-bye!
[29-Aug-2021 22:40:56] NOTICE: fpm is running, pid 44636
[29-Aug-2021 22:40:56] NOTICE: ready to handle connections
[30-Aug-2021 22:27:41] NOTICE: Terminating ...
[30-Aug-2021 22:27:41] NOTICE: Terminating ...
[30-Aug-2021 22:27:41] NOTICE: exiting, bye-bye!
[30-Aug-2021 23:04:05] NOTICE: fpm is running, pid 832
[30-Aug-2021 23:04:05] NOTICE: ready to handle connections
[01-Sep-2021 14:47:31] NOTICE: Terminating ...
[01-Sep-2021 14:47:31] NOTICE: Terminating ...
[01-Sep-2021 14:47:31] NOTICE: exiting, bye-bye!
[01-Sep-2021 18:18:29] NOTICE: fpm is running, pid 16512
[01-Sep-2021 18:18:29] NOTICE: ready to handle connections
[02-Sep-2021 22:17:31] NOTICE: Terminating ...
[02-Sep-2021 22:17:31] NOTICE: Terminating ...
[02-Sep-2021 22:17:31] NOTICE: exiting, bye-bye!
[02-Sep-2021 22:17:53] NOTICE: fpm is running, pid 21977
[02-Sep-2021 22:17:53] NOTICE: ready to handle connections
